
     active environment : sox2-alphagenome
    active env location : /gpfs/data/shenhavlab/users/ca3261/.conda/envs/sox2-alphagenome
            shell level : 2
       user config file : /gpfs/data/shenhavlab/users/ca3261/.condarc
 populated config files : 
          conda version : 24.1.0
    conda-build version : 24.1.1
         python version : 3.11.5.final.0
                 solver : libmamba (default)
       virtual packages : __archspec=1=skylake_avx512
                          __conda=24.1.0=0
                          __cuda=12.9=0
                          __glibc=2.28=0
                          __linux=4.18.0=0
                          __unix=0=0
       base environment : /gpfs/share/apps/anaconda3/gpu/2023.09  (read only)
      conda av data dir : /gpfs/share/apps/anaconda3/gpu/2023.09/etc/conda
  conda av metadata url : None
           channel URLs : https://repo.anaconda.com/pkgs/main/linux-64
                          https://repo.anaconda.com/pkgs/main/noarch
                          https://repo.anaconda.com/pkgs/r/linux-64
                          https://repo.anaconda.com/pkgs/r/noarch
          package cache : /gpfs/share/apps/anaconda3/gpu/2023.09/pkgs
                          /gpfs/data/shenhavlab/users/ca3261/.conda/pkgs
       envs directories : /gpfs/data/shenhavlab/users/ca3261/.conda/envs
                          /gpfs/share/apps/anaconda3/gpu/2023.09/envs
               platform : linux-64
             user-agent : conda/24.1.0 requests/2.31.0 CPython/3.11.5 Linux/4.18.0-477.27.1.el8_8.x86_64 rhel/8.8 glibc/2.28 solver/libmamba conda-libmamba-solver/24.1.0 libmambapy/1.5.6 aau/0.4.2 c/BBWx9H1I3PF_IylHJcfT0w s/OtS-2gnvPTWQ7Bs7KZpzcA e/uOXDcn5R0pE3aUHU75YGeQ
                UID:GID : 1024291498:1024304291
             netrc file : None
           offline mode : False


conda activated
22:20:59 | INFO | Device: cuda
22:20:59 | INFO | Forcing resolution → 128 bp
22:20:59 | INFO | Loading data from /gpfs/scratch/ca3261/ai_in_genomics/final_project/AIG_Project/data/processed/merged_payloads.csv …
22:20:59 | INFO | Kept 207 / 213 rows after dropping NA
22:20:59 | INFO | Category 'Sub-DHS Level': 49 rows
22:20:59 | INFO | Split (seed=42): train=29 | val=9 | test=11
22:20:59 | INFO | Initialising AlphaGenome (mouse)…
  Using device: cuda (CUDA available: True)
Creating AlphaGenome model on cuda...
  Loaded via: constructor_no_args
adding mouse reference heads
22:21:03 | INFO | Loading cached features from /gpfs/scratch/ca3261/ai_in_genomics/final_project/AIG_Project/data/sub_dhs_finetune/feature_cache/features_sub-dhs_level_seed42_train.npy
22:21:03 | INFO | Loading cached features from /gpfs/scratch/ca3261/ai_in_genomics/final_project/AIG_Project/data/sub_dhs_finetune/feature_cache/features_sub-dhs_level_seed42_val.npy
22:21:03 | INFO | Loading cached features from /gpfs/scratch/ca3261/ai_in_genomics/final_project/AIG_Project/data/sub_dhs_finetune/feature_cache/features_sub-dhs_level_seed42_test.npy
22:21:03 | INFO | RidgeCV selected alpha = 1.0000
22:21:03 | INFO | Calibration (val): slope=0.4415  intercept=0.1603
22:21:03 | INFO | ============================================================
22:21:03 | INFO | RIDGE TEST RESULTS (with val recalibration)
22:21:03 | INFO |   Pearson r : 0.3192
22:21:03 | INFO |   RMSE log1p: 0.1762
22:21:03 | INFO |   R²        : 0.0819
22:21:03 | INFO | ============================================================
22:21:03 | INFO | Saved artefacts to /gpfs/scratch/ca3261/ai_in_genomics/final_project/AIG_Project/data/sub_dhs_finetune
22:21:03 | INFO |   test_predictions.csv
22:21:03 | INFO |   training_history.csv
22:21:03 | INFO |   fine_tune_summary.json
Model loaded successfully
